[backblue.gif]
[fade.gif]
[index.html]
[copytradingbroker.io/assets/images/logoIcon/favicon.png]
[translate.google.com/translate_a/elementa0d8.js]
[copytradingbroker.io/assets/images/logoIcon/logo.png]
[s3.tradingview.com/external-embedding/embed-widget-mini-symbol-overview.js]
[s3.tradingview.com/external-embedding/embed-widget-ticker-tape.js]
[copytradingbroker.io/assets/templates/copytradingbroker/frontend/images/icons/star.png]
[copytradingbroker.io/assets/images/logoIcon/favicon1.png]
[copytradingbroker.io/assets/templates/copytradingbroker/frontend/js/plugins.js]
[copytradingbroker.io/assets/templates/copytradingbroker/frontend/js/main.js]
[cdn.gtranslate.net/widgets/latest/float.js]
[copytradingbroker.io/index.html]
[copytradingbroker.io/assets/templates/copytradingbroker/color2c1f.css]
[copytradingbroker.io/index-2.html]
[img.icons8.com/color/48/000000/whatsapp--v1.png]
[copytradingbroker.io/about-us.html]
[copytradingbroker.io/faqs.html]
[copytradingbroker.io/contact-us.html]
[copytradingbroker.io/temp/frontpage/img/captcha/captcha.png]
[copytradingbroker.io/assets/templates/copytradingbroker/frontend/images/risk-management.png]
[copytradingbroker.io/investors.html]
[copytradingbroker.io/assets/templates/copytradingbroker/frontend/images/trading-platform.png]
[copytradingbroker.io/assets/templates/copytradingbroker/frontend/images/world_of_trade.png]
[copytradingbroker.io/traders.html]
[copytradingbroker.io/assets/templates/copytradingbroker/frontend/images/success_trader.png]
[copytradingbroker.io/how_it_works.html]
[copytradingbroker.io/assets/templates/copytradingbroker/frontend/images/copy_trading.png]
[copytradingbroker.io/legal/privacy_policy.html]
[copytradingbroker.io/legal/terms_conditions.html]
[copytradingbroker.io/legal/aml_policy.html]
[copytradingbroker.io/legal/risk_closure.html]
[copytradingbroker.io/assets/templates/copytradingbroker/auth/plugins/sweetalert/js/sweetalert.min.js]
[copytradingbroker.io/assets/templates/copytradingbroker/auth/plugins/sweetalerts/promise-polyfill.js]
[unpkg.com/sweetalert2@7.8.2/dist/sweetalert2.all.js]
[copytradingbroker.io/assets/templates/copytradingbroker/auth/main/assets/plugins/jquery/jquery.min.js]
[copytradingbroker.io/assets/templates/copytradingbroker/auth/main/assets/plugins/bootstrap/js/popper.min.js]
[copytradingbroker.io/assets/templates/copytradingbroker/auth/main/assets/plugins/bootstrap/js/bootstrap.min.js]
[copytradingbroker.io/assets/templates/copytradingbroker/auth/main/assets/js/bootstrap-show-password.min.js]
[copytradingbroker.io/assets/templates/copytradingbroker/auth/main/assets/js/generate-otp.js]
[copytradingbroker.io/assets/templates/copytradingbroker/auth/main/assets/plugins/perfect-scrollbar/perfect-scrollbar.min.js]
[copytradingbroker.io/assets/templates/copytradingbroker/auth/main/assets/plugins/select2/js/select2.min.js]
[copytradingbroker.io/assets/templates/copytradingbroker/auth/main/assets/js/themeColors.js]
[copytradingbroker.io/assets/templates/copytradingbroker/auth/main/assets/js/swither-styles.js]
[copytradingbroker.io/assets/templates/copytradingbroker/auth/main/assets/js/custom.js]
[code.jquery.com/jquery-3.6.0.min.js]
[use.fontawesome.com/b69656bbf6.js]
[code.jquery.com/jquery-3.5.1.js]
[copytradingbroker.io/register.html]
[cdnjs.cloudflare.com/ajax/libs/jquery-validate/1.19.2/jquery.validate.min.js]
[copytradingbroker.io/login.html]
[copytradingbroker.io/legal/index.html]
[copytradingbroker.io/privacy-policy.html]
[copytradingbroker.io/translate.google.com/translate_a/elementa0d8a0d8a0d8.html]
[fonts.googleapis.com/cssf269.css]
[copytradingbroker.io/forgot-password.html]
[copytradingbroker.io/assets/templates/copytradingbroker/frontend/css/plugins.css]
[translate.google.com/translate_a/elementa0d8.js]
[s3.tradingview.com/external-embedding/embed-widget-mini-symbol-overview.js]
[s3.tradingview.com/external-embedding/embed-widget-ticker-tape.js]
[cdn.gtranslate.net/widgets/latest/float.js]
[img.icons8.com/color/48/000000/whatsapp--v1.png]
[copytradingbroker.io/assets/templates/copytradingbroker/frontend/images/bg/1.jpg]
[unpkg.com/sweetalert2@7.8.2/dist/sweetalert2.all.js]
[copytradingbroker.io/assets/templates/copytradingbroker/frontend/images/bg1.png]
[copytradingbroker.io/assets/templates/copytradingbroker/frontend/css/style.css]
[copytradingbroker.io/assets/wa/plugin/czm-chat-support.html]
[copytradingbroker.io/assets/templates/copytradingbroker/color2c1f.css]
[copytradingbroker.io/about-us.html]
[copytradingbroker.io/assets/templates/copytradingbroker/frontend/images/shapes/stripe-dark.svg]
[copytradingbroker.io/assets/templates/copytradingbroker/frontend/images/shapes/blurry-shape-1.svg]
[use.fontawesome.com/b69656bbf6.js]
[copytradingbroker.io/assets/templates/copytradingbroker/frontend/images/review-logos/trustpilot_reviews.svg]
[copytradingbroker.io/assets/templates/copytradingbroker/frontend/images/review-logos/capterra_reviews.svg]
[copytradingbroker.io/legal/index.html]
[copytradingbroker.io/assets/templates/copytradingbroker/auth/main/assets/plugins/bootstrap/css/bootstrap.min.css]
[copytradingbroker.io/assets/templates/copytradingbroker/auth/main/assets/web-fonts/icons.css]
[copytradingbroker.io/assets/templates/copytradingbroker/auth/main/assets/web-fonts/font-awesome/font-awesome.min.css]
[copytradingbroker.io/assets/templates/copytradingbroker/auth/main/assets/web-fonts/plugin.css]
[copytradingbroker.io/assets/templates/copytradingbroker/auth/main/assets/css/style.css]
[copytradingbroker.io/assets/templates/copytradingbroker/auth/main/assets/css/plugins.css]
[copytradingbroker.io/assets/templates/copytradingbroker/auth/plugins/sweetalerts/sweetalert.css]
[cdnjs.cloudflare.com/ajax/libs/jquery-validate/1.19.2/jquery.validate.min.js]
[copytradingbroker.io/translate.google.com/translate_a/elementa0d8a0d8a0d8.html]
[cdn.jsdelivr.net/npm/bootstrap@5.0.0-beta1/dist/js/bootstrap.bundle.min.js]
[copytradingbroker.io/forgot-password.html]
[copytradingbroker.io/assets/templates/copytradingbroker/auth/main/forgot.html]
[copytradingbroker.io/assets/templates/copytradingbroker/frontend/images/shapes/stripe-light.svg]
[copytradingbroker.io/assets/templates/copytradingbroker/frontend/images/shapes/stripe-sm-light.svg]
[copytradingbroker.io/assets/templates/copytradingbroker/frontend/images/shapes/stripe-sm-dark.svg]
[copytradingbroker.io/assets/templates/copytradingbroker/frontend/images/shapes/stripe-colored.svg]
